[www.nexusmentalhealth.com/index.html]
[backblue.gif]
[fade.gif]
[index.html]
[www.nexusmentalhealth.com/sites/g/files/qhldwo10806/files/2024-01/hero_home_desktop.jpg]
[cdn.cookielaw.org/scripttemplates/otSDKStub.js]
[assets.adobedtm.com/3f0d2e2dbd42/4020afc76329/launch-9f3a8c3caa57.min.js]
[www.nexusmentalhealth.com/sites/g/files/qhldwo10806/themes/site/themes/custom/theme_nexus/favicon.ico]
[www.nexusmentalhealth.com/sites/g/files/qhldwo10806/files/css/optimized/css_97htjIvQ15V1EfeTASftshiMIzLS36LIXVDogWwnlWQ.IJ5KA0xBsRRaiRPaWB6Sh9PN3WKo_EsNIYaw8SqYqYc2ad8.css]
[www.nexusmentalhealth.com/sites/g/files/qhldwo10806/files/css/optimized/css_Zru9LBZ0sAXcjonUFHSutTAZkU-sNKpHr1JGBQ4FyU0.bkPvoFYCA2Lixa4KISvTdT3EKjCHiKrtKcE261byVx02ad8.css]
[www.nexusmentalhealth.com/sites/g/files/qhldwo10806/files/css/optimized/css_kzULKG5pzGyNLykluQb5oDJTQPcLlJKzZ5imyM6J1h8.b9DwpaiAlb0lsM657D5Lniy-cPNAkk4Cxr45yy473q42ad8.css]
[www.nexusmentalhealth.com/sites/g/files/qhldwo10806/files/css/optimized/css_uI2FntcPi0s7LE7aVRLFPdaOjEJ2AvgJxZxn7U_KEpU.uS1FFwOJYeXSeF3bIVSvkMkrHh5opqqW_F79rAx63B02ad8.css]
[www.nexusmentalhealth.com/sites/g/files/qhldwo10806/files/css/optimized/css_LyrrR6JZO8eTCViUPzg899V1r3IBqMYsy9zQoA-d_xo.Awf46AhlxtFml2KQ8H4-E0dZzxzlJb1Ua0P5_ptOC4k2ad8.css]
[www.nexusmentalhealth.com/sites/g/files/qhldwo10806/files/css/optimized/css_YuXFCqJ6Mh9c2Lz522vxxQKwCuYdi4B4eglcgrxGnjc.xk_yrolxl9EFVCS6-YD3__eEEiB4lkwtBVMLZeTfMbA2ad8.css]
[www.nexusmentalhealth.com/sites/g/files/qhldwo10806/files/css/optimized/css_QFP1hM7WLcxcgk0ugO8g07Igkb2TVVC-zTOOyNcyODA.l_5ZkiCBh5EcPa_3_oVW7iVMoKNAq5rw47oEzn5A4uM2ad8.css]
[www.nexusmentalhealth.com/sites/g/files/qhldwo10806/files/css/optimized/css_0Ny4cdKqSdUCVJGF2wOpW9zbiddbbZXY8WkM_XJpnL8.x5nsh_uKblK9k6iDq9xx7vDex30jZc5ML0YXij4JCf02ad8.css]
[www.nexusmentalhealth.com/sites/g/files/qhldwo10806/files/css/optimized/css_x_4HIN6y5Q2mTk5Yv7JQVdc-r71A0bNzHEv3Wizcouw.wlKRY8YQBgCfpxiNlZOsb4n8ocpyNihHm1PCxaJ72aQ2ad8.css]
[www.nexusmentalhealth.com/sites/g/files/qhldwo10806/files/css/optimized/css_UmAqJl0l8Iyu6ze5RyEPgBE6SIIewruIiHw0myxraZk.PZJw_IXbQZH7i6WEC-FHNDBoI3_PTyzLEmC7wWy4oTU2ad8.css]
[www.nexusmentalhealth.com/sites/g/files/qhldwo10806/files/css/optimized/css_9fdY-kLwoAH17IT6ViP47CdYfbBMwZBp0UTWz5W6WdM.8xdGy7dXc6zJNYRxgF4k0vgBhKloby5N-_V1MMOlg8A2ad8.css]
[www.nexusmentalhealth.com/sites/g/files/qhldwo10806/files/css/optimized/css_C_lMMBJD1jF8Lb4t-73z0zLIGmrUIjBn8oLQ4yu2-LA.F9pmb7LygmrpoeT1fXJA7PaAVf2oWybBXF5F5Eihki42ad8.css]
[www.nexusmentalhealth.com/sites/g/files/qhldwo10806/files/css/optimized/css_M3EqtkMzY2VXZ2NYDaMtpuqydcZtOVwPzc4s-713RoE.KNMtBlCBCom77JyoWGB48Q3ueDS7rzZa_7XYX8jrDaA2ad8.css]
[www.nexusmentalhealth.com/sites/g/files/qhldwo10806/files/css/optimized/css_aBslj4pRjo2Mfa9bpGonfypZX7vip8qq6TxMpLA7zrQ.EyKYwId2-uqWMJLoO3wwcSveCVxiUwvTphMyKYfEZj42ad8.css]
[www.nexusmentalhealth.com/sites/g/files/qhldwo10806/files/css/optimized/css_T9L-umrTsij_ahYGC4lMPKYDekA_3aSaQXOcPGy8mnU.Sk-ip5PYfIjxUJ83DbxAtt7sIYi2qRj5I2X4c7e8Vm02ad8.css]
[www.nexusmentalhealth.com/sites/g/files/qhldwo10806/files/css/optimized/css_f-FSNaPTrP2oOQFtOvYzYmkaLNTjVtdiigX0p_xUQR0.kpMc62oK0cmz6PxvM1ud_W8MfI7jbwibsQJBwUKnj6o2ad8.css]
[www.nexusmentalhealth.com/sites/g/files/qhldwo10806/files/css/optimized/css_-bRO5lMsX6dFj_4QLNYRn3Glv8Fw-sjQmtuCC3SCdE0.b0Zuw7zuYwqRxAI1V79cTc_023d639V2bQ6KyuEtbY02ad8.css]
[www.nexusmentalhealth.com/sites/g/files/qhldwo10806/files/css/optimized/css_kthmJssD3vqd7Eza4oWjPfCNVacwCRLi2v-oieNlGgU.KZBkzzAnxe-rSrbfNF3hMC36Vi24PspRllNxk4SA9Ww2ad8.css]
[www.nexusmentalhealth.com/sites/g/files/qhldwo10806/files/css/optimized/css_m_oZWVRbbC4HbOitJcwhEovlJf07D1q3gXxNcR04IzI.kS9BtcfI_NQUuATlpn5KRL-1J-5IkIqyZm3kOT_GO0U2ad8.css]
[www.nexusmentalhealth.com/sites/g/files/qhldwo10806/files/css/optimized/css_YXF4xgOS0zk23OCyVsSDTus82BFUbBkYr_ItOXVj81E.2mNgp1qsab5wdrSlpKLQv707xKZ0u6LnqctpgDVxkVk2ad8.css]
[www.nexusmentalhealth.com/sites/g/files/qhldwo10806/files/css/optimized/css_kMOSxvLIrg4Hy0ZeT-Rnxv9lZTob-7Yn3A8dyVDo1rg.0Qb5zpcCHmzpoF5ZOnDsfklWZn6rg3JsnrG0c7cJ-442ad8.css]
[www.nexusmentalhealth.com/sites/g/files/qhldwo10806/files/css/optimized/css_AMTsGHUOJPFAkMMKM4W6IN1gVpB5oWWwJRMkxKq51pw.dn2Lo08RKmT9K61uqI9at50If8MdNgnYz6TlZW_Y4q42ad8.css]
[www.nexusmentalhealth.com/sites/g/files/qhldwo10806/files/css/optimized/css_Z-5TKx9kThxW5rYM3vQRCBc8GEdIN_NvKS9iqhDQafw.RyxC-gT9frmBMijOhY3C3K32AabFm7-q9HkDsnP6XHU2ad8.css]
[www.nexusmentalhealth.com/sites/g/files/qhldwo10806/files/css/optimized/css_B_2jVuT6jLLyb7aSeSEqk36PnVz0mEI5zK7uqVBaJLw.smsRBGGy-MttVliRuPwj_TEI4mBHLeiSE32C0BkTq6M2ad8.css]
[www.nexusmentalhealth.com/sites/g/files/qhldwo10806/files/css/optimized/css_kJqax_RkZBAk2I3Nq_rTD9LHc0oMwWKlanYK42ORIfM.zTSiciBJCN04ULznc2T1MWG59Py-6ONyTHVVm-YCHX42ad8.css]
[www.nexusmentalhealth.com/sites/g/files/qhldwo10806/files/css/optimized/css_uY-6t5QdAL3XAXZDd2MnsDHv7hlVdopgBLmb2Fw8MM0.kPj1f85HT-x6lD3WcW4Y8vS7dkBQHDkUUUbVV177LbU2ad8.css]
[www.nexusmentalhealth.com/sites/g/files/qhldwo10806/files/css/optimized/css_vOD9-5JiqhFy7oiIOzO00o2XLgmR6XH8SUL8LL585Vc.8e6pTB1_nGdHUV4devYGGEmOgZeQXykLw4UdpB-9VYg2ad8.css]
[www.nexusmentalhealth.com/sites/g/files/qhldwo10806/files/css/optimized/css_pRtAmt-QZSzGGpqRXrtUrYpzpogrJbbcMzN-mi21-lM.qMGXDVJb_ifgE5vRR5n1azOFYDjb3yv91PoYBYYQI1g2ad8.css]
[www.nexusmentalhealth.com/sites/g/files/qhldwo10806/files/css/optimized/css_tgkq_VuLMXJYNOgsu8AyLWkhhIG_v7p28aCgOJXGWLs.y2vZhYXYpcYLmKm02g2aZqQM3faow8BMtyQOhkzBKjM2ad8.css]
[www.nexusmentalhealth.com/sites/g/files/qhldwo10806/files/css/optimized/css_XMuw5xlRRyCnRi0CDzL5dN4DXOgRFXi-aQTw_xgXMsw.x8p0gjOoe2ABzUFcxzb_oIVBcA9MUeXSjBK16FYWB0c2ad8.css]
[www.nexusmentalhealth.com/sites/g/files/qhldwo10806/files/css/optimized/css_9q_fXbKBa5bLOr_md9oU231RGK4VMUl3OuUPy7fhK28.wSYF7HF-DzBZglJ2BZSbk80dg9uuZCHeEl_2RNfqK982ad8.css]
[www.nexusmentalhealth.com/sites/g/files/qhldwo10806/files/css/optimized/css_JrxzGV6yYLZlytJKNd9HrsFdmISL6JO0Kgb2z7Jj9oI.tk3FsCcPvSQHkEye_qeGNah-dX86TGLuZOx0QAjehHs2ad8.css]
[www.nexusmentalhealth.com/sites/g/files/qhldwo10806/files/css/optimized/css_-3BhsVSrthb9tc-l941vsthV78tan1tvXMuzUhJPoAA.bdWl3AvEC93MDAyi09RO2CjhADSGdcK4n-e_L56OWQ82ad8.css]
[www.nexusmentalhealth.com/sites/g/files/qhldwo10806/files/css/optimized/css_fuWESBxt7X6OH4lJ9rpXPLhnaIVT_xNrrpT-_wdwqJo.0qQgLQQakyHzIK8KF-SO-BSrK2TX62CBX9T8znShQQo2ad8.css]
[www.nexusmentalhealth.com/sites/g/files/qhldwo10806/files/css/optimized/css_eeOCsoyTABpbFaGmzFJjz8c3m4Lc0oTVHUlhkz1KfFE.yBmT6hyxvRImIZ3e1p-YwwexaAVhlRHiRBbnKehPVl02ad8.css]
[www.nexusmentalhealth.com/sites/g/files/qhldwo10806/files/css/optimized/css_2tw3HpTZ3gq5NY3lmDJhAGEJzsYnePpJKHlfPejnCpc.C019ITnHC9aNljYF_n3rnv7MP9xtjLlx_cJETEt3IUE2ad8.css]
[www.nexusmentalhealth.com/sites/g/files/qhldwo10806/files/css/optimized/css_cELoJ3xYgpc1mRMIacvKCmp5L3C7rh2lMyiCJXcUQo0.q-7FzdYwOhAeWy9dlqZHoOgLesrIQb96mHI9MhEDMak2ad8.css]
[www.nexusmentalhealth.com/sites/g/files/qhldwo10806/files/css/optimized/css_4UGtmJ6Da9RLQmU5IydQiJmYYKaeznqAUdNnWGM3WQ4.opmHzgEqcNwUssIYGcQ40vjltgfhjQwsXiIrpYDoI842ad8.css]
[www.nexusmentalhealth.com/sites/g/files/qhldwo10806/files/css/optimized/css_ds0DNW5M0MkXFQTxfQU8-0tjk0XD6EAEWXdBfiL3vts._x5XkB1oqRLKdaIGhMp2hVF44elHD63L3l3Zuo6KRYw2ad8.css]
[www.nexusmentalhealth.com/sites/g/files/qhldwo10806/files/css/optimized/css_r1ZLLXEsvZgNnTF2wJnive5s3mSq-JKbMEJy8GfLbAg.Nh70AVZCoWiKjDSTtW-ZqMInFf_q45q7qkAbJBLd6982ad8.css]
[www.nexusmentalhealth.com/sites/g/files/qhldwo10806/files/css/optimized/css_J5KkvIwnqrOL3x37tGfFOpnIikOSTQeL-NBDS3iXY1k.6MQoSk66XycEmIJt0l5cJ21AZ8MpfZRjOlsv0DHvKRE2ad8.css]
[www.nexusmentalhealth.com/sites/g/files/qhldwo10806/files/css/optimized/css_dtE3T-flBdeGFajtIcjHVkm7i_4WfirXTmR7xFe_ODk.xde8sIuOgj0_4TPXDuAcldoVU2Mp323svRUibYpRhow2ad8.css]
[www.nexusmentalhealth.com/sites/g/files/qhldwo10806/files/css/optimized/css_n_ch-VZY75Nrm87nULuu533PUfZW2tu2ueEVIxc6nYY.kUwL6EU5B9zLac11f-zSKH3vfMJma9SjZYGALVQwz1o2ad8.css]
[www.nexusmentalhealth.com/sites/g/files/qhldwo10806/files/css/optimized/css_cnyE2lhw4B9UjEnmg3gLpToM02hun5W0GEswDyaRpdY.46Xlhw1Ml1o5QLuYcHR98JMiY50edIocg5e-Qel6iqg2ad8.css]
[www.nexusmentalhealth.com/sites/g/files/qhldwo10806/files/css/optimized/css_r46-wxQCusDdmT4b78X3PixHcQS5zo1ayRRCnSLkoe0.awqM2ORzpAjWUZRHsvN_MwxIK18MLeay_e5EQM5KJMA2ad8.css]
[www.nexusmentalhealth.com/sites/g/files/qhldwo10806/files/css/optimized/css_8DjllDFBsOsi1XYK2RcryyQF6ucKpg38EsjU2Ynb1qw.dYJqc7dX1j8oEC2eRdT_X0x6PxDQjOYUdTCyUbAMC8A2ad8.css]
[www.nexusmentalhealth.com/sites/g/files/qhldwo10806/files/css/optimized/css_bcL5bYCNK7VMXO5kHqp9jIrdLSQ3ericSbJ7TTwGDsg._U93TB2C4tRChbflmZVDwY0UtXo6ltcHx88L3IGBAT82ad8.css]
[www.nexusmentalhealth.com/sites/g/files/qhldwo10806/files/css/optimized/css_kqNvxV1ipxWBF5aeeth2PHvDgyQ0Uu4yBkDykxRE4gc.ACvVI2ZUERsrFthQ1xdi8s0tPVq-PoEOx3fiok6aLME2ad8.css]
[www.nexusmentalhealth.com/sites/g/files/qhldwo10806/files/css/optimized/css_4v7ZfBSxV2MhOzVAlyOhPkHTRzgcQB6A5kq2Z7qb_dU.x2hhMNMtNE3jdl1uHA1qpbwLOUTsOiHqb5Pq7WAANUk2ad8.css]
[www.nexusmentalhealth.com/sites/g/files/qhldwo10806/files/css/optimized/css_GcAbo6q8NYYI558EWkkYTO7i0wYZ4h9AHLriZh-PSWk.GnZafehn2H7KRRIwi_g6BS4mYndMNoE6cVE-Dii_6lk2ad8.css]
[www.nexusmentalhealth.com/sites/g/files/qhldwo10806/files/css/optimized/css_3tJimBzAP4ak1DDYOxF65HG8wgF-OAF6KaumpXzCIB8.T-46vbEARMHEdWm8Qx9egm-mTCgqBCqS7tiqPkDJXOY2ad8.css]
[www.nexusmentalhealth.com/sites/g/files/qhldwo10806/files/css/optimized/css_LqBk0f1R_hyHvJsMKgaZ50dA37lafBPbaUvJ26y8480.-JOtJ9MFrN-6G0WPC62oET_l60zBTWU72jZKy-zTT5o2ad8.css]
[www.nexusmentalhealth.com/sites/g/files/qhldwo10806/files/css/optimized/css_OLo4nR2I-AIo_PP3LBf63MEoyg_0mwavrzZPzRTJQiY.vnWSY_5gd9z7OYLjsu9UkWPKOXI4PC__--V0AqclLGM2ad8.css]
[www.nexusmentalhealth.com/sites/g/files/qhldwo10806/files/css/optimized/css_Lk3HylMdHGZHqHHqcTYsS2l1CR0_tmj8qZ228mO-qdU.l8UJXKSTL6oy3zyuPmy-tBLmUR8kd2RdJEkyWYk7XyQ2ad8.css]
[www.nexusmentalhealth.com/sites/g/files/qhldwo10806/files/css/optimized/css_qBssn3BkGKsenXBYniZT8cBiMVqDV6m--sXtXgPJjow.fUyNhikEDylKu4g_h5yrhvpjXJVcJZft9tLoU1SLwZI2ad8.css]
[www.nexusmentalhealth.com/sites/g/files/qhldwo10806/files/js/optimized/js_dxIVcwvQ00owLGoUGPTfRYXU-T5rnj8Xi0cXfb3Kn58._JqT3SQfawRcv_BIHPThkBvs0OEvtFFmqPF_lYI_Cxod734.js]
[www.nexusmentalhealth.com/sites/g/files/qhldwo10806/files/js/optimized/js_w0iO3No0CsyHgJmryEbhwpkh5zx6m6dhvawBt4ufwyA.HRN_m4FplP890kDvBJQuv0fEgTHDKwrMZA2zBldV1JYf700.js]
[www.nexusmentalhealth.com/sites/g/files/qhldwo10806/files/js/optimized/js_Hpe5jrMuKXrV4HSTMApXJsNBxraAgcHUrTjxkwWKqy8.9H1W9OQqD9V27idEVOJMCFAQtGS4Scq-gAQciKr0U2Mfe04.js]
[www.nexusmentalhealth.com/sites/g/files/qhldwo10806/files/js/optimized/js_V1oRQ-kJlXBZaEklOtPUe_1t8-l0RS94HJ3gsqxKikc.LMtm7OsF5tFcpxpmBexOddu30l-Xz-FUCSBPovfiEt8fe04.js]
[www.nexusmentalhealth.com/sites/g/files/qhldwo10806/files/js/optimized/js_KRjtvzl6UujB23-j_sF6dqOcbqg2z8ej98A8RU9bGsg.kjk12BMQYgWzHTlTsh40oAfzJ1jsDD0rpt092h-M9ukfe04.js]
[www.nexusmentalhealth.com/sites/g/files/qhldwo10806/files/js/optimized/js_rJQeYB7caXNCdmgzJ4t5f6f6CrVuk9_CJlqK8yDBzqk.QLD7mKey3phzumqz3uRKIHY2nqqKo_plzIfGrgeQ5Ycfe04.js]
[www.nexusmentalhealth.com/sites/g/files/qhldwo10806/files/js/optimized/js_pbrt6BW6zk2scxcVck6pKOhrsnS-4n6mdUeoPTfK2aM.F15X2YCXNVRiXJFw9bAWTN9GXU1HaAbvYHvOoFmnbLUfe04.js]
[www.nexusmentalhealth.com/sites/g/files/qhldwo10806/files/js/optimized/js_CbOM1f2ZQjSvD29Vzs3nHYsIjSyprydKvJ38uk-EKzQ.dAXI56pV2ZPn9QGfyd-mmPdBCd_VlavLN59BjPAgNOgfe04.js]
[www.nexusmentalhealth.com/sites/g/files/qhldwo10806/files/js/optimized/js_1_Qr-HDXqlP8qV9oE0Levmwx3Sc1ldDn6Q9QvWEYY6E.XXTdDFNiWNbao5RRs1Aq-_G2fwGOGtyrrBgSr48Pr6wfe04.js]
[www.nexusmentalhealth.com/sites/g/files/qhldwo10806/files/js/optimized/js_yt_B6-UYT74y4dRKoGQ9gfLb0O0RDb4vG2LIGOYlHq8.-UGjQblMTO_e3Grk02Go8eAWHwbL6GT0oAl-h-CgK5Qfe04.js]
[www.nexusmentalhealth.com/sites/g/files/qhldwo10806/files/js/optimized/js_OYMUXIYk_UxVlsQSqo3_hSK3aC6qbx7cz9wNrtTse48.D7Do9Gn7KAOch1JHc7ma8CZHkvZvUTPAc5nIoo3LX44fe04.js]
[www.nexusmentalhealth.com/sites/g/files/qhldwo10806/files/js/optimized/js_A7R00KDzeuDMEsk6DOs_s2ZrOjO5c23zgXuffR4Khqc.q6qxxfVF7-gZME3a3JPerO2q6sv01F6mQnVPwcmknYofe04.js]
[www.nexusmentalhealth.com/sites/g/files/qhldwo10806/files/js/optimized/js_4VhSX4lEyBg9lxgOnT6eUHtdfwq4GgGv6TSm_aWIhzc.msJZjs5u5RGmKA2fbhFxLGexUv1x2UOibCSs8rzkw1Ufe04.js]
[www.nexusmentalhealth.com/sites/g/files/qhldwo10806/files/js/optimized/js_VycJ3FTVVaVyhSCcLXYEaSJoilQ8WxeImUFAjqgR5Y8.ouOM0Q5oYPfUBV8lTR3cCyJG56DQNwRTOVgi8IFXBrAfe04.js]
[www.nexusmentalhealth.com/sites/g/files/qhldwo10806/files/js/optimized/js_QZ6R3WHZ2xvc16JcQ7QBGg7ZW5Q69JxQSKxhelKIbIE.rnfvk6uzW1ISnGjxzePWaH83MAcUkTOsSGF6xij2QAsfe04.js]
[www.nexusmentalhealth.com/sites/g/files/qhldwo10806/files/js/optimized/js_SpWiM_QFpYbnP3qrlmV1Aa2OGQVC1G0okd3jErKS1EI.Cz8_DwPQcpJrjdTZvBKdqWS7V0abyjGDgrVg6Diy3jkfe04.js]
[www.nexusmentalhealth.com/sites/g/files/qhldwo10806/files/js/optimized/js_shtMqRNOVBaAvLi9-CpiCI1loPsDLJlEM8e0qdxIyaA._ljAZbtHeBUPsD_JTpPHK9XLnZ-Bh8IIR0gfaERLf0kfe04.js]
[www.nexusmentalhealth.com/sites/g/files/qhldwo10806/files/js/optimized/js_J05cWfCFFxc6Ntk7FqEMfp2MqvFE0LYhqPR-d5pkpX4.eRBP0BbEW9K4axpZn5GrBrvbQysogv9ziF_qly6y9P0fe04.js]
[www.nexusmentalhealth.com/sites/g/files/qhldwo10806/files/js/optimized/js_XrfmCmDqLTCEPh8gnU8hVIYf5mJPXNeZp91Zu1g8f9Y.i3qujr4t4NUUzwk0bY4rUPAZgLDWLpH4I0Ht5U7c2Gsfe04.js]
[www.nexusmentalhealth.com/sites/g/files/qhldwo10806/files/js/optimized/js_DB1pt9EyFJ14MM4u0q_UUdhcwWPwrgl0M8Ao_U1cQKw.1HGXCu8xDCZ9D4t4OUEJBVbpMoVuuCDmld0Orcde48Ufe04.js]
[www.nexusmentalhealth.com/sites/g/files/qhldwo10806/files/js/optimized/js_xTMVqsdfgSLZsrDVnB0yeJ_u8fjPX7MQHI1nVihqNuE.7B-a0BsG-0oGVyrcfb37AxOKeNquBdl8lk3CyiHXfeUfe04.js]
[www.nexusmentalhealth.com/sites/g/files/qhldwo10806/files/js/optimized/js_gEmjNg-vrsVI816UzVFe6X3vlSx0FTpPgKUR0axgrXs.aT1b17yuuFOZ02MCX5ONYrorBiyoVdHn6EFMtlXyDCAfe04.js]
[www.nexusmentalhealth.com/sites/g/files/qhldwo10806/files/js/optimized/js_trjIfy6wGxnxz9PVSI8rA84dA6HxX_Lw5W4uUlw0Xs0.-KbTIsNarrWDUf2UHG7fElVJxl72-Pmuf_1NbApB5A0fe04.js]
[www.nexusmentalhealth.com/sites/g/files/qhldwo10806/files/js/optimized/js_2hr-YHySYMDuptPCwhH1H7CfNShEa93koPpOo_581D4.fU-RbWLSh2I8Ytqntu1-ArKZ9OVXly0tO-X8U0Ety6Ife04.js]
[www.nexusmentalhealth.com/sites/g/files/qhldwo10806/files/js/optimized/js_WmhavmnC0K35xZ9vLX51qtRqFT74puvZXIMWnNUYpbM.HmKlReEYCiV9GnfhxV81WuXqMJ6i6CJEQgYJrzlXRtw0559.js]
[www.nexusmentalhealth.com/sites/g/files/qhldwo10806/files/js/optimized/js_pCqeI411sVqMjF7f2fKhUUOV4yKaxxQp7FHSELuxGGc.2g5bmie0CWfVbbOg32zvwXHEUfmS0mqFc0I_Z7vrtvMfe04.js]
[unpkg.com/tabbable@6.3.0/dist/index.umd.js]
[unpkg.com/focus-trap@7.6.6/dist/focus-trap.umd.js]
[www.nexusmentalhealth.com/sites/g/files/qhldwo10806/files/js/optimized/js_1h5CQIoBI2XdL_2xDByEN7QZglJO5V5EnTwpEAX1e7I.8BwI3nxC_OdBnX_pXcnxyWWULCNn-in4KcLloXninYAfe04.js]
[www.nexusmentalhealth.com/sites/g/files/qhldwo10806/files/js/optimized/js_nKlW0s1eP3bGjyfbSHP4guHgnuCQ2V_IbkgMZ4UdzO4.MTHCcdAQ1524jW6nLa3EtNqF_1TujsKyr8qksEY7n6wfe04.js]
[www.nexusmentalhealth.com/sites/g/files/qhldwo10806/files/js/optimized/js_mjv4qhOv2_1-EQeYpZwvWqHcMokP3Cu36uHh9tRNXFY.CJF84Dv0PjH3KPaqgwzS-NJS45qPbXaVePB7UAw-uH8fe04.js]
[www.nexusmentalhealth.com/sites/g/files/qhldwo10806/files/js/optimized/js_ezwJb8QjKN82W11Y2widYXtFt5DfOo-fgZxIg_9sAik.s0ftg9DcYKonxRNsyujPK8mZFoHu6DwZvsB0967odSIfe04.js]
[www.nexusmentalhealth.com/sites/g/files/qhldwo10806/files/js/optimized/js_KKcnkUdYKB53TMNVsf6RrHXCgsIpqtdkf2utxTGblLc.ynu_A6j2Wzd1B6Vw6BTQ8qyocstdbrEa04BlYLcbHiEfe04.js]
[www.nexusmentalhealth.com/sites/g/files/qhldwo10806/files/js/optimized/js_3V5UYvHeGVCTCI6-0G9MShZMkOTjpmWzauUa17REJYg.Skr0Jc5GUKefc-pdZvCEo932Y2orIBO4a5uHTzer7YMfe04.js]
[www.nexusmentalhealth.com/sites/g/files/qhldwo10806/files/js/optimized/js_7SLROedAOygMVqhG50yRRbiZ1w7AmAy9Wx63Se_hrEo.RHHoh3qOJXKfC_izkCzBQeHAM9lKs2tMLnwwXJQddecfe04.js]
[www.nexusmentalhealth.com/sites/g/files/qhldwo10806/files/js/optimized/js_3PPDECkkWmZprRXP5fGfqH5tOkTJcwB21__r7fjPUh4.FM0QEgk5sXswUR2j_HZSngwH1zEUr0v2J8mHf-3nglsfe04.js]
[www.nexusmentalhealth.com/sites/g/files/qhldwo10806/files/js/optimized/js_GrQl3TMVBdSFgif7bkvIVoCWbf9SY3sm8jianc5MBYI.a7xJmtDE8RvIy3x-q9FvAIJ1W6CbYZd3rd0FQNL3Q-sfe04.js]
[www.nexusmentalhealth.com/sites/g/files/qhldwo10806/files/js/optimized/js_4bZGp8eSSkr0AcYEB06FWt2zMZLqDhKxz6gEhKnO5X0.-_wJjs2BWnIoDstNCjVUMdohPAm1Cb6KMFLzNQnyetsfe04.js]
[www.nexusmentalhealth.com/sites/g/files/qhldwo10806/files/js/optimized/js_dOdL6MKe8Xi7Kps6emaAgxWRpDXYc7U7glpIUKIBOiA.XAp-Kcb5FZvnj1DJvOdVsSEE04SX1ckhOvPcQwTj6hofe04.js]
[www.nexusmentalhealth.com/sites/g/files/qhldwo10806/files/js/optimized/js_YSBqDrGfkyMrsn-wT-lty4BnE7uEji7vl0zKC_-Z0BE.oLTnTHb9AUCZyGIMu_xYoE6Miz_LA_c24mSOzHiEwxUfe04.js]
[www.nexusmentalhealth.com/modules/contrib/adobe_launch/js/adobe_launch_dtm_init2ad8.js]
[www.nexusmentalhealth.com/sites/g/files/qhldwo10806/files/js/optimized/js__TF0_87cNnB7zfFuH5jalW1RMKzKj__FtRNXnDln7eA.LbmYeeNvT-Bo1K2wExK2EJO_Hm8zkO7p3Daf1NdLzbMfe04.js]
[www.nexusmentalhealth.com/sites/g/files/qhldwo10806/themes/site/themes/custom/theme_nexus/images/logo.svg]
[www.nexusmentalhealth.com/trauma-connection.html]
[www.nexusmentalhealth.com/seeking-help.html]
[www.nexusmentalhealth.com/wellness-ideas.html]
[www.nexusmentalhealth.com/resources.html]
[www.nexusmentalhealth.com/sites/g/files/qhldwo10806/files/2024-02/homepage_header 1-min.png]
[www.nexusmentalhealth.com/spotlight.html]
[www.nexusmentalhealth.com/sites/g/files/qhldwo10806/files/2024-01/our_vision_desktop 1 (1)-min_0.png]
[www.nexusmentalhealth.com/sites/g/files/qhldwo10806/files/2024-02/how_were_different_desktop 1-min_0.png]
[www.nexusmentalhealth.com/NEXUS Narrative April 2020.pdf]
[www.nexusmentalhealth.com/sites/g/files/qhldwo10806/files/2024-01/mha_logo.svg]
[www.nexusmentalhealth.com/sites/g/files/qhldwo10806/files/2024-01/nami-logo-blue.svg]
[www.nexusmentalhealth.com/sites/g/files/qhldwo10806/files/2024-01/national-alliance-for-caregiving.svg]
[www.nexusmentalhealth.com/sites/g/files/qhldwo10806/files/2024-01/logo-daa.svg]
[www.nexusmentalhealth.com/sites/g/files/qhldwo10806/files/2024-01/nav-bar-logo-image.svg]
[www.nexusmentalhealth.com/sites/g/files/qhldwo10806/files/2024-01/Scattergood_logo 1.svg]
[www.nexusmentalhealth.com/sites/g/files/qhldwo10806/files/2024-01/1200px-RAINN_logo.svg]
[www.nexusmentalhealth.com/sites/g/files/qhldwo10806/files/2024-01/correctional-education-association-logo-6C6C43C563-seeklogo.svg]
[www.nexusmentalhealth.com/sites/g/files/qhldwo10806/files/2024-03/DBSA Logo.png]
[www.nexusmentalhealth.com/sites/g/files/qhldwo10806/files/2024-01/CAN-Logo_0_2.svg]
[www.nexusmentalhealth.com/sites/g/files/qhldwo10806/files/2024-01/AMWA-Logo-F.svg]
[www.nexusmentalhealth.com/sites/g/files/qhldwo10806/files/2024-01/AA886A4D-7528-4276-A9B3-C43C226A4582 1.svg]
[www.nexusmentalhealth.com/sites/g/files/qhldwo10806/files/2024-01/APA_LogoTagline_RGB.svg]
[www.nexusmentalhealth.com/sites/g/files/qhldwo10806/files/2024-05/California Access Coalition ff-02-01 1.svg]
[www.nexusmentalhealth.com/sites/g/files/qhldwo10806/files/2024-03/cbha.svg]
[www.nexusmentalhealth.com/sites/g/files/qhldwo10806/files/2024-05/Beth-Battaglino_0-min.png]
[www.nexusmentalhealth.com/sites/g/files/qhldwo10806/files/2024-05/Le_Ondra_HD 1-min.png]
[www.nexusmentalhealth.com/sites/g/files/qhldwo10806/files/2024-05/Jessica-Edwards_0-min.png]
[www.nexusmentalhealth.com/sites/g/files/qhldwo10806/files/2025-04/Fowler.jpg]
[www.nexusmentalhealth.com/sites/g/files/qhldwo10806/files/2024-05/Frame 90-min.png]
[www.nexusmentalhealth.com/sites/g/files/qhldwo10806/files/2024-05/gabe_headshot_0-min.png]
[www.nexusmentalhealth.com/sites/g/files/qhldwo10806/files/2024-05/Saundra-Jain_0-min.png]
[www.nexusmentalhealth.com/sites/g/files/qhldwo10806/files/2024-05/Rakesh (1)-min.png]
[www.nexusmentalhealth.com/sites/g/files/qhldwo10806/files/2025-04/A_Jones.jpg]
[www.nexusmentalhealth.com/sites/g/files/qhldwo10806/files/2024-05/Saundra-Jain_0 (2)-min.png]
[www.nexusmentalhealth.com/sites/g/files/qhldwo10806/files/2024-05/DebbieP_SC_landscap_0-min.png]
[www.nexusmentalhealth.com/sites/g/files/qhldwo10806/files/2024-05/Joe-Pyle_0-min.png]
[www.nexusmentalhealth.com/sites/g/files/qhldwo10806/files/2024-05/Frame 90 (1)-min.png]
[www.nexusmentalhealth.com/sites/g/files/qhldwo10806/files/2025-04/Rachel_Self.jpg]
[www.nexusmentalhealth.com/sites/g/files/qhldwo10806/files/2025-04/B_Wong.jpg]
[www.nexusmentalhealth.com/sites/g/files/qhldwo10806/files/js/optimized/js_9X0Wy804vuh87KuB6xNsO2AgTOYU6GWYVLjlZUZNxhU.rAFodBN-i0kbBpfeKu1WRGYx2zY4Lndg3kqcQ3nEP7g2ad8.js]
[static.addtoany.com/menu/page.js]
[www.nexusmentalhealth.com/sites/g/files/qhldwo10806/files/js/optimized/js_ykLxvKp5rvcarVrf36wQkum3dKR3rl-G_-w1QumySTw.ikup2Su_4IByHFAHX4rmMY3BfaDu_RDNTQ5xXSrcX2cfe04.js]
[www.nexusmentalhealth.com/sites/g/files/qhldwo10806/files/js/optimized/js_dgld6FZx50RT47qjiA1Llqo1V9zCwrvgpUlNCtZX_9U.9ggyQaihWujMt8SzPW76uT3pa7pPTsNAiehUdt8b9Vofe04.js]
[www.nexusmentalhealth.com/sites/g/files/qhldwo10806/files/js/optimized/js_612Wz4wINHVhv9kDksHIUHa1Ua0L14eysUG33a5CROU.rwYcj70KS7V4qlDog8ZvmsY6eUDBj9yNsC-PMAjbl_g2ad8.js]
[www.nexusmentalhealth.com/sites/g/files/qhldwo10806/files/js/optimized/js_byOkanflQIo-mk6PGPRwc_UGveq83LdF2p4OMGRPu5g.AkACO5iScIeD1RQGCl_IodWQzn_GWtkLnqBKNqVQoYs2ad8.js]
[www.nexusmentalhealth.com/sites/g/files/qhldwo10806/files/js/optimized/js_14jXgrIXge971kfkg-uVQ2hrRkCbWqpyAIIJeDq6Iv8.xh542dh7d84czMNglX_RTbjPD2jp4DX8pXGZ1Drh9wofe04.js]
[www.nexusmentalhealth.com/sites/g/files/qhldwo10806/files/js/optimized/js_GKwYjcoM9HdCDO4-PclDs9fR1jnVyjUeQQJhnwWGOU8.m6_4mgdVHLLJE2DG4cEmveoSBE54WEw2WBG-DztFMP8fe04.js]
[www.nexusmentalhealth.com/sites/g/files/qhldwo10806/files/js/optimized/js_sV1fkLV3DOpjaFuKAXdRtJ3CynK4wrpReDeXLS9HRH0.mxb8aSNaW_mDrhv0fOcG0StpiyZRj_LPCCNszaAfnW82ad8.js]
[www.nexusmentalhealth.com/sites/g/files/qhldwo10806/files/js/optimized/js_CWfHQhztCI4yNLLinOaGFiXL8wL4IlJJlXigC6YTp7k.e3YIkc4FDypwMtG61BzR5sX8Ar_Q6lqAu0QYGya1aSo2ad8.js]
[www.nexusmentalhealth.com/sites/g/files/qhldwo10806/files/js/optimized/js_37-NbwdHJJAEwM62IYCqFmVwXiIX88IpBKOPU4CC5Co.Sjp0QAhLOCjrGetCSvDStNMzth1aobVICahDsj2q42E2ad8.js]
[www.nexusmentalhealth.com/sites/g/files/qhldwo10806/files/js/optimized/js__GDnw0w2EbUAH55aEqULHBWu6VmBRlqbTqcmxuH7SgA.eY-KWey744LT4typgHGPEJmWwXWfutytI4BufyE24342ad8.js]
[www.nexusmentalhealth.com/sites/g/files/qhldwo10806/files/js/optimized/js_xmCz4MgdOQcXWmwnRNYxCWI4maF-fEEk5UHB3Y3ZXSU.7IsIMR5pUjQ40qsxW43segoWUiTLhBs0bg6XNhx77Do2ad8.js]
[www.nexusmentalhealth.com/sites/g/files/qhldwo10806/files/js/optimized/js_6M7hEfXYzgi-pmmC8I5PxgpLhqyYpErTmkvqAWymd9c.H3QLG7tqOoi-Y0EWRMsGiMKPis9mg_fViHSP83TM3fQ2ad8.js]
[www.nexusmentalhealth.com/sites/g/files/qhldwo10806/files/js/optimized/js_bqKBJzbK7QoecoLowEqtE8B-wjUpQPYR2kljpHQk3E8.eyih9wDI3_uTyDoCcR804LG4YvXHHQA1ucld3NCzeQc2ad8.js]
[www.nexusmentalhealth.com/sites/g/files/qhldwo10806/files/js/optimized/js_pt7tVHP5LikhDaZmfNErikjS-5asi1DOXbSAOtEfXpU.eBWpkDhfDJ7VpfTThLTZvRMItG42Xz8naPa8Sd-ZtA42ad8.js]
[www.nexusmentalhealth.com/sites/g/files/qhldwo10806/files/js/optimized/js_OWhAUGW7ceMRNy2NPyD1tu_csV0aEAC_snATwmPgAsc.MjCeZXVrN47U6VxqgSnfbvvu8UIJhQR9FORze6hAZXs2ad8.js]
[www.nexusmentalhealth.com/sites/g/files/qhldwo10806/files/js/optimized/js_5Vwk5UWT5BQBtAy4gcpvt_CwQODn8ssi3PcyD_A12Nw.pbG_rfoVmJWTj-ZH-Xy32FGBW4rQzN8FdA-FL2S-D8I2ad8.js]
[www.nexusmentalhealth.com/index.html]
[www.nexusmentalhealth.com/get]
[www.nexusmentalhealth.com/indexd41d.html]
[www.nexusmentalhealth.com/helpers/getObjectProperty.js]
[assets.adobedtm.com/3f0d2e2dbd42/4020afc76329/launch-9f3a8c3caa57.min.js]
[www.nexusmentalhealth.com/sites/g/files/qhldwo10806/files/css/optimized/css_97htjIvQ15V1EfeTASftshiMIzLS36LIXVDogWwnlWQ.IJ5KA0xBsRRaiRPaWB6Sh9PN3WKo_EsNIYaw8SqYqYc2ad8.css]
[www.nexusmentalhealth.com/sites/g/files/qhldwo10806/files/css/optimized/css_Zru9LBZ0sAXcjonUFHSutTAZkU-sNKpHr1JGBQ4FyU0.bkPvoFYCA2Lixa4KISvTdT3EKjCHiKrtKcE261byVx02ad8.css]
[www.nexusmentalhealth.com/sites/g/files/qhldwo10806/files/css/optimized/css_kzULKG5pzGyNLykluQb5oDJTQPcLlJKzZ5imyM6J1h8.b9DwpaiAlb0lsM657D5Lniy-cPNAkk4Cxr45yy473q42ad8.css]
[www.nexusmentalhealth.com/sites/g/files/qhldwo10806/files/css/optimized/css_uI2FntcPi0s7LE7aVRLFPdaOjEJ2AvgJxZxn7U_KEpU.uS1FFwOJYeXSeF3bIVSvkMkrHh5opqqW_F79rAx63B02ad8.css]
[www.nexusmentalhealth.com/sites/g/files/qhldwo10806/files/css/optimized/css_LyrrR6JZO8eTCViUPzg899V1r3IBqMYsy9zQoA-d_xo.Awf46AhlxtFml2KQ8H4-E0dZzxzlJb1Ua0P5_ptOC4k2ad8.css]
[www.nexusmentalhealth.com/sites/g/files/qhldwo10806/files/css/optimized/css_YuXFCqJ6Mh9c2Lz522vxxQKwCuYdi4B4eglcgrxGnjc.xk_yrolxl9EFVCS6-YD3__eEEiB4lkwtBVMLZeTfMbA2ad8.css]
[www.nexusmentalhealth.com/sites/g/files/qhldwo10806/files/css/optimized/css_QFP1hM7WLcxcgk0ugO8g07Igkb2TVVC-zTOOyNcyODA.l_5ZkiCBh5EcPa_3_oVW7iVMoKNAq5rw47oEzn5A4uM2ad8.css]
[www.nexusmentalhealth.com/sites/g/files/qhldwo10806/files/css/optimized/css_0Ny4cdKqSdUCVJGF2wOpW9zbiddbbZXY8WkM_XJpnL8.x5nsh_uKblK9k6iDq9xx7vDex30jZc5ML0YXij4JCf02ad8.css]
[www.nexusmentalhealth.com/sites/g/files/qhldwo10806/files/css/optimized/css_x_4HIN6y5Q2mTk5Yv7JQVdc-r71A0bNzHEv3Wizcouw.wlKRY8YQBgCfpxiNlZOsb4n8ocpyNihHm1PCxaJ72aQ2ad8.css]
[www.nexusmentalhealth.com/sites/g/files/qhldwo10806/files/css/optimized/css_UmAqJl0l8Iyu6ze5RyEPgBE6SIIewruIiHw0myxraZk.PZJw_IXbQZH7i6WEC-FHNDBoI3_PTyzLEmC7wWy4oTU2ad8.css]
[www.nexusmentalhealth.com/sites/g/files/qhldwo10806/files/css/optimized/css_9fdY-kLwoAH17IT6ViP47CdYfbBMwZBp0UTWz5W6WdM.8xdGy7dXc6zJNYRxgF4k0vgBhKloby5N-_V1MMOlg8A2ad8.css]
[www.nexusmentalhealth.com/sites/g/files/qhldwo10806/files/css/optimized/css_C_lMMBJD1jF8Lb4t-73z0zLIGmrUIjBn8oLQ4yu2-LA.F9pmb7LygmrpoeT1fXJA7PaAVf2oWybBXF5F5Eihki42ad8.css]
[www.nexusmentalhealth.com/sites/g/files/qhldwo10806/files/css/optimized/css_M3EqtkMzY2VXZ2NYDaMtpuqydcZtOVwPzc4s-713RoE.KNMtBlCBCom77JyoWGB48Q3ueDS7rzZa_7XYX8jrDaA2ad8.css]
[www.nexusmentalhealth.com/sites/g/files/qhldwo10806/files/css/optimized/css_aBslj4pRjo2Mfa9bpGonfypZX7vip8qq6TxMpLA7zrQ.EyKYwId2-uqWMJLoO3wwcSveCVxiUwvTphMyKYfEZj42ad8.css]
[www.nexusmentalhealth.com/sites/g/files/qhldwo10806/files/css/optimized/css_T9L-umrTsij_ahYGC4lMPKYDekA_3aSaQXOcPGy8mnU.Sk-ip5PYfIjxUJ83DbxAtt7sIYi2qRj5I2X4c7e8Vm02ad8.css]
[www.nexusmentalhealth.com/sites/g/files/qhldwo10806/files/css/optimized/css_f-FSNaPTrP2oOQFtOvYzYmkaLNTjVtdiigX0p_xUQR0.kpMc62oK0cmz6PxvM1ud_W8MfI7jbwibsQJBwUKnj6o2ad8.css]
[www.nexusmentalhealth.com/sites/g/files/qhldwo10806/files/css/optimized/css_-bRO5lMsX6dFj_4QLNYRn3Glv8Fw-sjQmtuCC3SCdE0.b0Zuw7zuYwqRxAI1V79cTc_023d639V2bQ6KyuEtbY02ad8.css]
[www.nexusmentalhealth.com/sites/g/files/qhldwo10806/files/css/optimized/css_kthmJssD3vqd7Eza4oWjPfCNVacwCRLi2v-oieNlGgU.KZBkzzAnxe-rSrbfNF3hMC36Vi24PspRllNxk4SA9Ww2ad8.css]
[www.nexusmentalhealth.com/core/misc/icons/e32700/error.svg]
[www.nexusmentalhealth.com/core/misc/icons/e29700/warning.svg]
[www.nexusmentalhealth.com/sites/g/files/qhldwo10806/files/css/optimized/css_m_oZWVRbbC4HbOitJcwhEovlJf07D1q3gXxNcR04IzI.kS9BtcfI_NQUuATlpn5KRL-1J-5IkIqyZm3kOT_GO0U2ad8.css]
[www.nexusmentalhealth.com/sites/g/files/qhldwo10806/files/css/optimized/css_YXF4xgOS0zk23OCyVsSDTus82BFUbBkYr_ItOXVj81E.2mNgp1qsab5wdrSlpKLQv707xKZ0u6LnqctpgDVxkVk2ad8.css]
[www.nexusmentalhealth.com/sites/g/files/qhldwo10806/files/css/optimized/css_kMOSxvLIrg4Hy0ZeT-Rnxv9lZTob-7Yn3A8dyVDo1rg.0Qb5zpcCHmzpoF5ZOnDsfklWZn6rg3JsnrG0c7cJ-442ad8.css]
[www.nexusmentalhealth.com/core/misc/icons/73b355/check.svg]
[www.nexusmentalhealth.com/core/misc/icons/787878/twistie-down.svg]
[www.nexusmentalhealth.com/sites/g/files/qhldwo10806/files/css/optimized/css_AMTsGHUOJPFAkMMKM4W6IN1gVpB5oWWwJRMkxKq51pw.dn2Lo08RKmT9K61uqI9at50If8MdNgnYz6TlZW_Y4q42ad8.css]
[www.nexusmentalhealth.com/sites/g/files/qhldwo10806/files/css/optimized/css_Z-5TKx9kThxW5rYM3vQRCBc8GEdIN_NvKS9iqhDQafw.RyxC-gT9frmBMijOhY3C3K32AabFm7-q9HkDsnP6XHU2ad8.css]
[www.nexusmentalhealth.com/core/misc/icons/787878/twistie-up.svg]
[www.nexusmentalhealth.com/modules/custom/otsuka_privacy_compliant_media/img/video-play-btn-mobile.svg]
[www.nexusmentalhealth.com/modules/custom/otsuka_privacy_compliant_media/img/video-play-btn.svg]
[www.nexusmentalhealth.com/modules/custom/otsuka_privacy_compliant_media/img/buzzsprout-placeholder.png]
[www.nexusmentalhealth.com/sites/g/files/qhldwo10806/files/css/optimized/css_B_2jVuT6jLLyb7aSeSEqk36PnVz0mEI5zK7uqVBaJLw.smsRBGGy-MttVliRuPwj_TEI4mBHLeiSE32C0BkTq6M2ad8.css]
[www.nexusmentalhealth.com/modules/custom/otsuka_privacy_compliant_media/img/orbita-chat-bubble.svg]
[www.nexusmentalhealth.com/core/assets/vendor/jquery.ui/themes/base/images/ui-icons_444444_256x240.png]
[www.nexusmentalhealth.com/core/assets/vendor/jquery.ui/themes/base/images/ui-icons_555555_256x240.png]
[www.nexusmentalhealth.com/core/assets/vendor/jquery.ui/themes/base/images/ui-icons_ffffff_256x240.png]
[www.nexusmentalhealth.com/core/assets/vendor/jquery.ui/themes/base/images/ui-icons_777620_256x240.png]
[www.nexusmentalhealth.com/core/assets/vendor/jquery.ui/themes/base/images/ui-icons_cc0000_256x240.png]
[www.nexusmentalhealth.com/core/assets/vendor/jquery.ui/themes/base/images/ui-icons_777777_256x240.png]
[www.nexusmentalhealth.com/sites/g/files/qhldwo10806/files/css/optimized/css_kJqax_RkZBAk2I3Nq_rTD9LHc0oMwWKlanYK42ORIfM.zTSiciBJCN04ULznc2T1MWG59Py-6ONyTHVVm-YCHX42ad8.css]
[www.nexusmentalhealth.com/sites/g/files/qhldwo10806/files/css/optimized/css_uY-6t5QdAL3XAXZDd2MnsDHv7hlVdopgBLmb2Fw8MM0.kPj1f85HT-x6lD3WcW4Y8vS7dkBQHDkUUUbVV177LbU2ad8.css]
[www.nexusmentalhealth.com/sites/g/files/qhldwo10806/files/css/optimized/css_vOD9-5JiqhFy7oiIOzO00o2XLgmR6XH8SUL8LL585Vc.8e6pTB1_nGdHUV4devYGGEmOgZeQXykLw4UdpB-9VYg2ad8.css]
[www.nexusmentalhealth.com/sites/g/files/qhldwo10806/files/css/optimized/css_pRtAmt-QZSzGGpqRXrtUrYpzpogrJbbcMzN-mi21-lM.qMGXDVJb_ifgE5vRR5n1azOFYDjb3yv91PoYBYYQI1g2ad8.css]
[www.nexusmentalhealth.com/sites/g/files/qhldwo10806/files/css/optimized/css_tgkq_VuLMXJYNOgsu8AyLWkhhIG_v7p28aCgOJXGWLs.y2vZhYXYpcYLmKm02g2aZqQM3faow8BMtyQOhkzBKjM2ad8.css]
[www.nexusmentalhealth.com/sites/g/files/qhldwo10806/files/css/optimized/css_XMuw5xlRRyCnRi0CDzL5dN4DXOgRFXi-aQTw_xgXMsw.x8p0gjOoe2ABzUFcxzb_oIVBcA9MUeXSjBK16FYWB0c2ad8.css]
[www.nexusmentalhealth.com/sites/g/files/qhldwo10806/files/css/optimized/css_9q_fXbKBa5bLOr_md9oU231RGK4VMUl3OuUPy7fhK28.wSYF7HF-DzBZglJ2BZSbk80dg9uuZCHeEl_2RNfqK982ad8.css]
[www.nexusmentalhealth.com/sites/g/files/qhldwo10806/files/css/optimized/css_JrxzGV6yYLZlytJKNd9HrsFdmISL6JO0Kgb2z7Jj9oI.tk3FsCcPvSQHkEye_qeGNah-dX86TGLuZOx0QAjehHs2ad8.css]
[www.nexusmentalhealth.com/sites/g/files/qhldwo10806/files/css/optimized/css_-3BhsVSrthb9tc-l941vsthV78tan1tvXMuzUhJPoAA.bdWl3AvEC93MDAyi09RO2CjhADSGdcK4n-e_L56OWQ82ad8.css]
[www.nexusmentalhealth.com/sites/g/files/qhldwo10806/files/css/optimized/css_fuWESBxt7X6OH4lJ9rpXPLhnaIVT_xNrrpT-_wdwqJo.0qQgLQQakyHzIK8KF-SO-BSrK2TX62CBX9T8znShQQo2ad8.css]
[www.nexusmentalhealth.com/sites/g/files/qhldwo10806/files/css/optimized/css_eeOCsoyTABpbFaGmzFJjz8c3m4Lc0oTVHUlhkz1KfFE.yBmT6hyxvRImIZ3e1p-YwwexaAVhlRHiRBbnKehPVl02ad8.css]
[www.nexusmentalhealth.com/sites/g/files/qhldwo10806/files/css/optimized/css_2tw3HpTZ3gq5NY3lmDJhAGEJzsYnePpJKHlfPejnCpc.C019ITnHC9aNljYF_n3rnv7MP9xtjLlx_cJETEt3IUE2ad8.css]
[www.nexusmentalhealth.com/sites/g/files/qhldwo10806/files/css/optimized/css_cELoJ3xYgpc1mRMIacvKCmp5L3C7rh2lMyiCJXcUQo0.q-7FzdYwOhAeWy9dlqZHoOgLesrIQb96mHI9MhEDMak2ad8.css]
[www.nexusmentalhealth.com/sites/g/files/qhldwo10806/files/css/optimized/css_4UGtmJ6Da9RLQmU5IydQiJmYYKaeznqAUdNnWGM3WQ4.opmHzgEqcNwUssIYGcQ40vjltgfhjQwsXiIrpYDoI842ad8.css]
[www.nexusmentalhealth.com/sites/g/files/qhldwo10806/files/css/optimized/css_ds0DNW5M0MkXFQTxfQU8-0tjk0XD6EAEWXdBfiL3vts._x5XkB1oqRLKdaIGhMp2hVF44elHD63L3l3Zuo6KRYw2ad8.css]
[www.nexusmentalhealth.com/sites/g/files/qhldwo10806/files/css/optimized/css_r1ZLLXEsvZgNnTF2wJnive5s3mSq-JKbMEJy8GfLbAg.Nh70AVZCoWiKjDSTtW-ZqMInFf_q45q7qkAbJBLd6982ad8.css]
[www.nexusmentalhealth.com/sites/g/files/qhldwo10806/files/css/optimized/css_J5KkvIwnqrOL3x37tGfFOpnIikOSTQeL-NBDS3iXY1k.6MQoSk66XycEmIJt0l5cJ21AZ8MpfZRjOlsv0DHvKRE2ad8.css]
[www.nexusmentalhealth.com/sites/g/files/qhldwo10806/files/css/optimized/css_dtE3T-flBdeGFajtIcjHVkm7i_4WfirXTmR7xFe_ODk.xde8sIuOgj0_4TPXDuAcldoVU2Mp323svRUibYpRhow2ad8.css]
[www.nexusmentalhealth.com/sites/g/files/qhldwo10806/files/css/optimized/css_n_ch-VZY75Nrm87nULuu533PUfZW2tu2ueEVIxc6nYY.kUwL6EU5B9zLac11f-zSKH3vfMJma9SjZYGALVQwz1o2ad8.css]
[www.nexusmentalhealth.com/sites/g/files/qhldwo10806/files/css/optimized/css_cnyE2lhw4B9UjEnmg3gLpToM02hun5W0GEswDyaRpdY.46Xlhw1Ml1o5QLuYcHR98JMiY50edIocg5e-Qel6iqg2ad8.css]
[www.nexusmentalhealth.com/sites/g/files/qhldwo10806/themes/site/themes/custom/theme_nexus/dist/css/02-molecules/share-button/img/share.svg]
[www.nexusmentalhealth.com/sites/g/files/qhldwo10806/themes/site/themes/custom/theme_nexus/dist/css/02-molecules/menus/social-menu/img/twitter.svg]
[www.nexusmentalhealth.com/sites/g/files/qhldwo10806/themes/site/themes/custom/theme_nexus/dist/css/02-molecules/menus/social-menu/img/linkedin.svg]
[www.nexusmentalhealth.com/sites/g/files/qhldwo10806/themes/site/themes/custom/theme_nexus/dist/css/02-molecules/menus/social-menu/img/facebook.svg]
[www.nexusmentalhealth.com/sites/g/files/qhldwo10806/files/css/optimized/css_r46-wxQCusDdmT4b78X3PixHcQS5zo1ayRRCnSLkoe0.awqM2ORzpAjWUZRHsvN_MwxIK18MLeay_e5EQM5KJMA2ad8.css]
[www.nexusmentalhealth.com/sites/g/files/qhldwo10806/files/css/optimized/css_8DjllDFBsOsi1XYK2RcryyQF6ucKpg38EsjU2Ynb1qw.dYJqc7dX1j8oEC2eRdT_X0x6PxDQjOYUdTCyUbAMC8A2ad8.css]
[www.nexusmentalhealth.com/sites/g/files/qhldwo10806/files/css/optimized/css_bcL5bYCNK7VMXO5kHqp9jIrdLSQ3ericSbJ7TTwGDsg._U93TB2C4tRChbflmZVDwY0UtXo6ltcHx88L3IGBAT82ad8.css]
[www.nexusmentalhealth.com/sites/g/files/qhldwo10806/files/css/optimized/css_kqNvxV1ipxWBF5aeeth2PHvDgyQ0Uu4yBkDykxRE4gc.ACvVI2ZUERsrFthQ1xdi8s0tPVq-PoEOx3fiok6aLME2ad8.css]
[www.nexusmentalhealth.com/sites/g/files/qhldwo10806/files/css/optimized/css_4v7ZfBSxV2MhOzVAlyOhPkHTRzgcQB6A5kq2Z7qb_dU.x2hhMNMtNE3jdl1uHA1qpbwLOUTsOiHqb5Pq7WAANUk2ad8.css]
[www.nexusmentalhealth.com/sites/g/files/qhldwo10806/files/css/optimized/css_GcAbo6q8NYYI558EWkkYTO7i0wYZ4h9AHLriZh-PSWk.GnZafehn2H7KRRIwi_g6BS4mYndMNoE6cVE-Dii_6lk2ad8.css]
[www.nexusmentalhealth.com/sites/g/files/qhldwo10806/files/css/optimized/css_3tJimBzAP4ak1DDYOxF65HG8wgF-OAF6KaumpXzCIB8.T-46vbEARMHEdWm8Qx9egm-mTCgqBCqS7tiqPkDJXOY2ad8.css]
[www.nexusmentalhealth.com/sites/g/files/qhldwo10806/files/css/optimized/css_LqBk0f1R_hyHvJsMKgaZ50dA37lafBPbaUvJ26y8480.-JOtJ9MFrN-6G0WPC62oET_l60zBTWU72jZKy-zTT5o2ad8.css]
[www.nexusmentalhealth.com/sites/g/files/qhldwo10806/files/css/optimized/css_OLo4nR2I-AIo_PP3LBf63MEoyg_0mwavrzZPzRTJQiY.vnWSY_5gd9z7OYLjsu9UkWPKOXI4PC__--V0AqclLGM2ad8.css]
[www.nexusmentalhealth.com/sites/g/files/qhldwo10806/themes/site/themes/custom/theme_nexus/dist/css/02-molecules/menus/social-menu/img/youtube.svg]
[www.nexusmentalhealth.com/sites/g/files/qhldwo10806/files/css/optimized/css_Lk3HylMdHGZHqHHqcTYsS2l1CR0_tmj8qZ228mO-qdU.l8UJXKSTL6oy3zyuPmy-tBLmUR8kd2RdJEkyWYk7XyQ2ad8.css]
[www.nexusmentalhealth.com/sites/g/files/qhldwo10806/files/css/optimized/css_qBssn3BkGKsenXBYniZT8cBiMVqDV6m--sXtXgPJjow.fUyNhikEDylKu4g_h5yrhvpjXJVcJZft9tLoU1SLwZI2ad8.css]
[www.nexusmentalhealth.com/sites/g/files/qhldwo10806/themes/site/themes/custom/theme_nexus/images/logo.svg]
[www.nexusmentalhealth.com/sites/g/files/qhldwo10806/themes/site/themes/custom/theme_nexus/dist/css/03-organisms/site/site-header/img/close.svg]
[www.nexusmentalhealth.com/sites/g/files/qhldwo10806/files/2024-01/hero_connection_desktop.jpg]
[www.nexusmentalhealth.com/sites/g/files/qhldwo10806/files/css/optimized/css_DLiBffFVBl6-8QBbfUyruOseWbCbkQQ63J3iexqt2N8.OcwED90GkqggNP90UjgFC9JphS8_hmKNroaPXhsezy82ad8.css]
[www.nexusmentalhealth.com/sites/g/files/qhldwo10806/files/css/optimized/css_qggXSNAYVhBXsGaLYofkkcFnywLxhrpYabIZ8ykRzmQ.1TMdo5PR1xFgaSzTActSwuAx-Iu071UtmuJO4X_sAI82ad8.css]
[www.nexusmentalhealth.com/sites/g/files/qhldwo10806/files/css/optimized/css_X1LythR2ZiPmhhCLUKYhnrwuZGX6n6mQZgaa-Gq1kWA.objiBYJ_l6kJNpTvkPld1pkYdQCqgfgk4k9UUIcaKpA2ad8.css]
[www.nexusmentalhealth.com/sites/g/files/qhldwo10806/files/2024-01/hero_connection_mobile.jpg]
[www.nexusmentalhealth.com/sites/g/files/qhldwo10806/files/2024-02/connection-role-trauma-desktop.jpg]
[www.nexusmentalhealth.com/sites/g/files/qhldwo10806/files/2024-02/trauma-brain.png]
[www.nexusmentalhealth.com/sites/g/files/qhldwo10806/files/2024-02/impact_of_childhood_trauma_mobile.jpg]
[www.nexusmentalhealth.com/sites/g/files/qhldwo10806/files/2024-02/impact_of_childhood_trauma_desktop.jpg]
[www.nexusmentalhealth.com/sites/g/files/qhldwo10806/files/js/optimized/js_y4yagIo0A33kw98LvZ-qgx5EE5wHjkrSwUom8sZdwHw.rQw3hKp-1U-QmXhRxTwZs2KSWSj9oRZIjXnEeYkaUBY2ad8.js]
[www.nexusmentalhealth.com/trauma-connection.html]
[www.nexusmentalhealth.com/sites/g/files/qhldwo10806/files/2024-01/hero_how_to_seek_help_desktop_0.jpg]
[www.nexusmentalhealth.com/sites/g/files/qhldwo10806/files/css/optimized/css_kGFZ8TGdQ7aeMJ5cWfCgn_bZuztmbagmx1imMVO8rB0.Yx7kWtYgPN1eQnNXCJ9jsLQte7dVhH2oI4KTgcbf-Fk2ad8.css]
[www.nexusmentalhealth.com/sites/g/files/qhldwo10806/files/css/optimized/css_7zE45wgX5Sq9E8i8C-SYEflbiCXT6HcvfaAN8FfXgAk.ZMYCDSgnHthQaQdizMIB0GfOPSnXKz6TlT2FDM-r2qY2ad8.css]
[www.nexusmentalhealth.com/sites/g/files/qhldwo10806/files/2024-01/hero_how_to_seek_help_mobile.jpg]
[www.nexusmentalhealth.com/sites/g/files/qhldwo10806/files/2024-01/daa.svg]
[www.nexusmentalhealth.com/sites/g/files/qhldwo10806/files/2024-01/dbsa.svg]
[www.nexusmentalhealth.com/sites/g/files/qhldwo10806/files/2024-01/nami.svg]
[www.nexusmentalhealth.com/sites/g/files/qhldwo10806/files/2024-02/your-journey-psychotherapy-desktop.jpg]
[www.nexusmentalhealth.com/sites/g/files/qhldwo10806/files/2024-02/your-journey-psychiatrists-desktop.jpg]
[www.nexusmentalhealth.com/seeking-help.html]
[www.nexusmentalhealth.com/sites/g/files/qhldwo10806/files/2024-01/hero_wellness_tips_desktop.jpg]
[www.nexusmentalhealth.com/sites/g/files/qhldwo10806/files/css/optimized/css_pc87BF2sew-WQvrcvw77tVgvKsxXS2N7O-lhky1UypM.2ha2WS5BhHor68tUtQ7jn6OKplQum2uxb5qv_CUH6-A2ad8.css]
[www.nexusmentalhealth.com/sites/g/files/qhldwo10806/files/css/optimized/css_d2my8Gtigljsuc2MGvP7Vbbvgvs6tRvDaKJ_eWZxbGw.OVJYSPkDBt6nQP_YvthgR938sr1uATHrxYOqcJ1qKyU2ad8.css]
[www.nexusmentalhealth.com/sites/g/files/qhldwo10806/files/css/optimized/css_dnAAANGo_SYoLancxS_5S2zK5ftUWoqBvrICDTEjNdQ.d0OeCZl2SOWUYO7bVuIpI_t5JNryGwAHbTFD9v-bihI2ad8.css]
[www.nexusmentalhealth.com/sites/g/files/qhldwo10806/files/2024-01/hero_wellness_tips_mobile.jpg]
[www.nexusmentalhealth.com/sites/g/files/qhldwo10806/files/2024-01/self-care (1).png]
[www.nexusmentalhealth.com/sites/g/files/qhldwo10806/files/2024-01/mindfullness.png]
[www.nexusmentalhealth.com/sites/g/files/qhldwo10806/files/2024-01/creativity.png]
[www.nexusmentalhealth.com/sites/g/files/qhldwo10806/files/2024-01/connection.jpg]
[www.nexusmentalhealth.com/sites/g/files/qhldwo10806/files/2024-01/wild5_logo.png]
[www.nexusmentalhealth.com/sites/g/files/qhldwo10806/files/js/optimized/js_TnY8o-zBGgcvsmEB0-Ewf-mQ94L6noj49th6-sPLWfc.hRsHkbDrt7a_P9eGu38zl3irhlAHCdZb3dfYVO5lReA2ad8.js]
[www.nexusmentalhealth.com/wellness-ideas.html]
[www.nexusmentalhealth.com/sites/g/files/qhldwo10806/files/2024-01/hero_resources_desktop.jpg]
[www.nexusmentalhealth.com/sites/g/files/qhldwo10806/files/css/optimized/css_brQj1HZm1NpehkrRNHagjRVlWLhUJvS4PSxs-aeZR-c.WMMwE33-2FA7dSn3iCLUbDSe8JIdCGjS8zIqNlmPPMo2ad8.css]
[cdnjs.cloudflare.com/ajax/libs/slick-carousel/1.8.1/slick.css]
[cdnjs.cloudflare.com/ajax/libs/slick-carousel/1.8.1/slick-theme.css]
[www.nexusmentalhealth.com/sites/g/files/qhldwo10806/files/css/optimized/css_-MOPkzZmUCOCpUx8p9XU-HlvGDvwYUUawzWy3hx-zfA.YSx_ryYeRC0lv2cAwmOafk4rDq8OHtbDUrnebjq3K702ad8.css]
[www.nexusmentalhealth.com/sites/g/files/qhldwo10806/files/css/optimized/css_PrLCLJneyNZhYcuuxrT5ftMsPoCPgYC_lRiXGQOJUN4.IkyRBqt9F9BBXLCUuwu1OD3ucp63UAWoUjXy-mb8GDg2ad8.css]
[www.nexusmentalhealth.com/sites/g/files/qhldwo10806/files/css/optimized/css_r3dZS4NabaiVY868-G65gwmup7KX9AHK9v-ctsa3t7A.1WDOYyTFb2U0_x6osOxqdWCx4YdrYrJGNZeJbi79yjQ2ad8.css]
[www.nexusmentalhealth.com/sites/g/files/qhldwo10806/files/css/optimized/css_bL9gNqPFFOLlmcvVrqabI_wyj9-oj-XXH2OlgzcY6NU.uSpzKTnAUcKhztve2c6MLscTeek5XthPvorGsWC_EmQ2ad8.css]
[www.nexusmentalhealth.com/sites/g/files/qhldwo10806/files/2024-01/hero_resources_mobile.jpg]
[www.nexusmentalhealth.com/sites/g/files/qhldwo10806/files/2024-09/thumbnail-1.jpg]
[www.nexusmentalhealth.com/sites/g/files/qhldwo10806/files/2024-09/thumbnail-2.jpg]
[www.nexusmentalhealth.com/sites/g/files/qhldwo10806/files/2024-09/thumbnail-3.jpg]
[www.nexusmentalhealth.com/sites/g/files/qhldwo10806/files/2024-09/thumbnail-4.jpg]
[www.nexusmentalhealth.com/sites/g/files/qhldwo10806/files/2024-09/thumbnail-5.jpg]
[www.nexusmentalhealth.com/sites/g/files/qhldwo10806/files/2024-09/thumbnail-22.jpg]
[www.nexusmentalhealth.com/sites/g/files/qhldwo10806/files/2024-09/thumbnail-9.jpg]
[www.nexusmentalhealth.com/sites/g/files/qhldwo10806/files/2024-09/thumbnail-8.jpg]
[www.nexusmentalhealth.com/sites/g/files/qhldwo10806/files/2024-09/thumbnail-11.jpg]
[www.nexusmentalhealth.com/sites/g/files/qhldwo10806/files/2024-09/thumbnail-12.jpg]
[www.nexusmentalhealth.com/sites/g/files/qhldwo10806/files/2024-09/thumbnail-13.jpg]
[www.nexusmentalhealth.com/sites/g/files/qhldwo10806/files/2024-09/thumbnail-14.jpg]
[www.nexusmentalhealth.com/sites/g/files/qhldwo10806/files/2024-09/thumbnail-21.jpg]
[www.nexusmentalhealth.com/sites/g/files/qhldwo10806/files/2024-09/thumbnail-16.jpg]
[www.nexusmentalhealth.com/sites/g/files/qhldwo10806/files/2024-09/thumbnail-17.jpg]
[www.nexusmentalhealth.com/sites/g/files/qhldwo10806/files/2024-09/thumbnail-18.jpg]
[www.nexusmentalhealth.com/sites/g/files/qhldwo10806/files/2024-09/thumbnail-19.jpg]
[www.nexusmentalhealth.com/sites/g/files/qhldwo10806/files/2024-09/thumbnail-25.jpg]
[www.nexusmentalhealth.com/sites/g/files/qhldwo10806/files/2024-09/thumbnail-24.jpg]
[www.nexusmentalhealth.com/sites/g/files/qhldwo10806/files/2024-09/thumbnail-23.jpg]
[www.nexusmentalhealth.com/sites/g/files/qhldwo10806/files/2024-01/Screenshot 2023-09-28 at 8.26 (5)-min.png]
[www.nexusmentalhealth.com/sites/g/files/qhldwo10806/files/2024-01/Screenshot 2023-09-28 at 8.26 (6)-min.png]
[www.nexusmentalhealth.com/sites/g/files/qhldwo10806/files/2024-01/Screenshot 2023-09-28 at 8.26 (2)-min.png]
[www.nexusmentalhealth.com/sites/g/files/qhldwo10806/files/2024-01/Screenshot 2023-09-28 at 8.26 (4)-min.png]
[www.nexusmentalhealth.com/sites/g/files/qhldwo10806/files/2024-01/Screenshot 2023-09-28 at 8.26 (3)-min.png]
[www.nexusmentalhealth.com/sites/g/files/qhldwo10806/files/2024-03/thumb_video-6.png]
[www.nexusmentalhealth.com/sites/g/files/qhldwo10806/files/2024-01/perspectives-bg-mobile.png]
[www.nexusmentalhealth.com/sites/g/files/qhldwo10806/files/2024-01/perspectives-bg.png]
[www.nexusmentalhealth.com/sites/g/files/qhldwo10806/files/2024-01/LGBTQ-Aug-min.png]
[www.nexusmentalhealth.com/00US22EUC0080 NEXUS Perspectives August 2022.pdf]
[www.nexusmentalhealth.com/sites/g/files/qhldwo10806/files/2024-01/GettyImages-1221421989_June_0.jpg]
[www.nexusmentalhealth.com/00US22EUC0073 NEXUS Perspectives June 2022.pdf]
[www.nexusmentalhealth.com/sites/g/files/qhldwo10806/files/2024-01/NEXUS - Perspectives Image.jpg]
[www.nexusmentalhealth.com/00US22EUC0031 NEXUS Perspectives April 2022.pdf]
[www.nexusmentalhealth.com/sites/g/files/qhldwo10806/files/2024-01/pexels-photo-770099.jpg]
[www.nexusmentalhealth.com/00US22EUC0021-NEXUS-Perspectives-March-2022.pdf]
[www.nexusmentalhealth.com/sites/g/files/qhldwo10806/files/2024-01/GettyImages-905549036.jpg]
[www.nexusmentalhealth.com/00US22EUC0012-NEXUS-Perspectives-February-2022.pdf]
[www.nexusmentalhealth.com/sites/g/files/qhldwo10806/files/2024-01/DECEMBER_PERSPECTIVES_IMAGE.jpg]
[www.nexusmentalhealth.com/00US21EUC0121-December-NEXUS-Perspectives.pdf]
[www.nexusmentalhealth.com/sites/g/files/qhldwo10806/files/2024-01/NOVEMBER_PERSPECTIVES_IMAGE.jpg]
[www.nexusmentalhealth.com/00US21EUC0114-NEXUS-Perspectives-November-2021.pdf]
[www.nexusmentalhealth.com/sites/g/files/qhldwo10806/files/2024-01/gettyimages-1213649513-2048x2048_1.jpg]
[www.nexusmentalhealth.com/00US21EUC0074 NEXUS Perspectives October 2021_1.pdf]
[www.nexusmentalhealth.com/sites/g/files/qhldwo10806/files/2024-01/getty1_0.jpg]
[www.nexusmentalhealth.com/00US21EUC0062 NEXUS Perspectives September 2021.pdf]
[www.nexusmentalhealth.com/sites/g/files/qhldwo10806/files/2024-01/GettyImages-200411972-001_0.jpg]
[www.nexusmentalhealth.com/00US21EUC0055 NEXUS Perspectives August 2021.pdf]
[www.nexusmentalhealth.com/sites/g/files/qhldwo10806/files/2024-01/gettyimages-1158802202-2048x2048_0.jpg]
[www.nexusmentalhealth.com/00US21EUC0047 NEXUS Perspectives July 2021.pdf]
[www.nexusmentalhealth.com/sites/g/files/qhldwo10806/files/2024-01/gettyimages-676868498-612x612_2.jpg]
[www.nexusmentalhealth.com/00US21EUC0044 NEXUS Perspectives June 2021.pdf]
[www.nexusmentalhealth.com/sites/g/files/qhldwo10806/files/2024-01/gettyimages-1214673503-612x612.jpg]
[www.nexusmentalhealth.com/00US21EUK0022 NEXUS Perspectives May 2021.pdf]
[www.nexusmentalhealth.com/sites/g/files/qhldwo10806/files/2024-01/GettyImages-1250077104_2x.jpg]
[www.nexusmentalhealth.com/NEXUS Perspectives March 2021.pdf]
[www.nexusmentalhealth.com/sites/g/files/qhldwo10806/files/2024-01/GettyImages-947054206_2x.jpg]
[www.nexusmentalhealth.com/NEXUS Perspectives February 2021.pdf]
[www.nexusmentalhealth.com/sites/g/files/qhldwo10806/files/2024-01/GettyImages-523346712_2x.jpg]
[www.nexusmentalhealth.com/NEXUS Perspectives January 2021.pdf]
[www.nexusmentalhealth.com/sites/g/files/qhldwo10806/files/2024-01/GettyImages-1158011964_2x.jpg]
[www.nexusmentalhealth.com/NEXUS Perspectives December 2020.pdf]
[www.nexusmentalhealth.com/sites/g/files/qhldwo10806/files/2024-01/GettyImages-507952557_2x.jpg]
[www.nexusmentalhealth.com/NEXUS Perspectives November 2020.pdf]
[www.nexusmentalhealth.com/sites/g/files/qhldwo10806/files/2024-01/GettyImages-1041807634_2x.jpg]
[www.nexusmentalhealth.com/NEXUS Perspectives October 2020.pdf]
[www.nexusmentalhealth.com/sites/g/files/qhldwo10806/files/2024-01/GettyImages-1294985261_2x.jpg]
[www.nexusmentalhealth.com/NEXUS Perspectives September 2020.pdf]
[www.nexusmentalhealth.com/sites/g/files/qhldwo10806/files/2024-01/gettyimages-905549036_2x.jpg]
[www.nexusmentalhealth.com/NEXUS Perspectives August 2020.pdf]
[www.nexusmentalhealth.com/sites/g/files/qhldwo10806/files/2024-01/gettyimages-676868498_2x_old.jpg]
[www.nexusmentalhealth.com/NEXUS Perspectives July 2020.pdf]
[www.nexusmentalhealth.com/sites/g/files/qhldwo10806/files/2024-01/GettyImages-1213649513_2x.jpg]
[www.nexusmentalhealth.com/NEXUS Perspectives June 2020.pdf]
[www.nexusmentalhealth.com/sites/g/files/qhldwo10806/files/2024-01/gettyimages-1214673503_2x.jpg]
[www.nexusmentalhealth.com/NEXUS Perspectives May 2020.pdf]
[www.nexusmentalhealth.com/sites/g/files/qhldwo10806/files/2024-01/gettyimages-1214753780_2x.jpg]
[www.nexusmentalhealth.com/NEXUS Perspectives April 2020.pdf]
[www.nexusmentalhealth.com/sites/g/files/qhldwo10806/files/2024-01/GettyImages-658984289_2x.jpg]
[www.nexusmentalhealth.com/NEXUS Perspectives March 2020.pdf]
[www.nexusmentalhealth.com/March 2021 00US21EUK0008 NEXUS - The Language of Mental Health - White Paper .pdf]
[www.nexusmentalhealth.com/00US22EUC0029 Voices of Trauma_0.pdf]
[www.nexusmentalhealth.com/00US22EUC0030 NEXUS Trauma Informed Education White Paper_0.pdf]
[www.nexusmentalhealth.com/sites/g/files/qhldwo10806/files/js/optimized/js_REL1skkoiU5DFFkkqWIOIUaStKq8MIK8frV5hjaeojk.4B3XpgIgRUGlV5K0PxjPnuPF-aSe2Z7rKOf3tJamBy02ad8.js]
[cdnjs.cloudflare.com/ajax/libs/slick-carousel/1.8.1/slick.js]
[www.nexusmentalhealth.com/sites/g/files/qhldwo10806/files/js/optimized/js_r0aJDdCZ55TP_K6f-Oc4bPcqu4IhllUUAW7PcADrLcM.d1zQMm2rGAf9RitnKXoJ5kS1pc56jMDwAL42hp_Bzig2ad8.js]
[www.nexusmentalhealth.com/sites/g/files/qhldwo10806/files/js/optimized/js_k56H_EwiZ70kVaaWG7uiZAi__BnYGVV6G-k1OALPYEA.IuvEJZ6eD4oB0EoASAAXLMbMI8GBF-t6sLRfXwNByRc2ad8.js]
[cdn.jsdelivr.net/npm/react-player/dist/ReactPlayer.standalone.js]
[www.nexusmentalhealth.com/sites/g/files/qhldwo10806/files/js/optimized/js_tZ3R4zaq1Rlq9XJu3LXd7gh-hQIVhpeT_tUHkzQjno4.UPIx7HfKzM9X1k_6whgEid-io4FrLc2ALom9t2l3gR02ad8.js]
[www.nexusmentalhealth.com/sites/g/files/qhldwo10806/files/js/optimized/js_bjWyCEhGCxSC46yDXWhmGGiFlO6fBwy8LGjokIvYpEc.W2e7Co6vWsREGbNQlVtjMvs1ioG_0hR9KvKbbGc831E2ad8.js]
[www.nexusmentalhealth.com/resources.html]
[www.nexusmentalhealth.com/sites/g/files/qhldwo10806/files/css/optimized/css_dlzavNF8PP5YafAg_-eY3AhNU3dnJoaGLiOVG-RtWk8.M8uD8TUx695HM5fHiYNk8iuUmOFts1rIl0qgMEuQJ8w2ad8.css]
[www.nexusmentalhealth.com/sites/g/files/qhldwo10806/files/css/optimized/css_NeXdCUilZ1AGERvSh5B1eNynZFklQOfIv5l5kMyoBq0.VDwO_Y82Rlm8WrnP6EKAEBC3Nu11aDWSQDD9kvCc0ZI2ad8.css]
[www.nexusmentalhealth.com/sites/g/files/qhldwo10806/files/css/optimized/css_Xh774LhFJE9tF7Q2z6OL5wQEwWIEV5AD7Pmfr0Tr5bw.DJxDGE7nG15Sf1pNeRSgHSGRslUR6k7d32xwpV3Fwzg2ad8.css]
[www.nexusmentalhealth.com/sites/g/files/qhldwo10806/files/css/optimized/css_Ug9Cxj2sa8Lj1ir8JoGSE5xYJyK5pYEsYz7YvnHDfgc.EnADt1cCVXHWGC-2nw9QuihX0kVbK8vEwsPRYXeiEPM2ad8.css]
[www.nexusmentalhealth.com/sites/g/files/qhldwo10806/files/css/optimized/css_3By3ZXW6YQPFKTINtp3JJVCARXPq98dWozmgC4F3HtM.6oMt_WFNDaw2OAJjrKCKF5XapVJnx_Y39X1kRmYfwJQ2ad8.css]
[www.nexusmentalhealth.com/01US24EUC0536 A Primer-Racism's Irrefutable Harms_AFD.pdf]
[www.nexusmentalhealth.com/01US24EUP0073- Racism's Irrefutable Harm- How Racial Trauma impacts the Brain for Generations_FINAL.pdf]
[www.nexusmentalhealth.com/sites/g/files/qhldwo10806/files/2024-01/trauma-brain.png]
[www.nexusmentalhealth.com/sites/g/files/qhldwo10806/files/2025-04/key-report-impact.jpg]
[www.nexusmentalhealth.com/sites/g/files/qhldwo10806/files/2025-04/key-report-research.jpg]
[www.nexusmentalhealth.com/sites/g/files/qhldwo10806/files/2025-04/callout.jpg]
[www.nexusmentalhealth.com/spotlight.html]
[www.nexusmentalhealth.com/sites/g/files/qhldwo10806/files/2024-01/mha_logo.svg]
[www.nexusmentalhealth.com/sites/g/files/qhldwo10806/files/2024-01/nami-logo-blue.svg]
[www.nexusmentalhealth.com/sites/g/files/qhldwo10806/files/2024-01/national-alliance-for-caregiving.svg]
[www.nexusmentalhealth.com/sites/g/files/qhldwo10806/files/2024-01/logo-daa.svg]
[www.nexusmentalhealth.com/sites/g/files/qhldwo10806/files/2024-01/nav-bar-logo-image.svg]
[www.nexusmentalhealth.com/sites/g/files/qhldwo10806/files/2024-01/Scattergood_logo 1.svg]
[www.nexusmentalhealth.com/sites/g/files/qhldwo10806/files/2024-01/1200px-RAINN_logo.svg]
[www.nexusmentalhealth.com/sites/g/files/qhldwo10806/files/2024-01/correctional-education-association-logo-6C6C43C563-seeklogo.svg]
[www.nexusmentalhealth.com/sites/g/files/qhldwo10806/files/2024-01/CAN-Logo_0_2.svg]
[www.nexusmentalhealth.com/sites/g/files/qhldwo10806/files/2024-01/AMWA-Logo-F.svg]
[www.nexusmentalhealth.com/sites/g/files/qhldwo10806/files/2024-01/AA886A4D-7528-4276-A9B3-C43C226A4582 1.svg]
[www.nexusmentalhealth.com/sites/g/files/qhldwo10806/files/2024-01/APA_LogoTagline_RGB.svg]
[www.nexusmentalhealth.com/sites/g/files/qhldwo10806/files/2024-05/California Access Coalition ff-02-01 1.svg]
[www.nexusmentalhealth.com/sites/g/files/qhldwo10806/files/2024-03/cbha.svg]
[www.nexusmentalhealth.com/get.html]
[www.nexusmentalhealth.com/indexd41d.html]
[www.nexusmentalhealth.com/helpers/getObjectProperty.html]
[www.nexusmentalhealth.com/core/misc/icons/e32700/error.svg]
[www.nexusmentalhealth.com/core/misc/icons/e29700/warning.svg]
[www.nexusmentalhealth.com/core/misc/icons/73b355/check.svg]
[www.nexusmentalhealth.com/core/misc/icons/787878/twistie-down.svg]
[www.nexusmentalhealth.com/core/misc/icons/787878/twistie-up.svg]
[www.nexusmentalhealth.com/modules/custom/otsuka_privacy_compliant_media/img/video-play-btn-mobile.svg]
[www.nexusmentalhealth.com/modules/custom/otsuka_privacy_compliant_media/img/video-play-btn.svg]
[www.nexusmentalhealth.com/modules/custom/otsuka_privacy_compliant_media/img/orbita-chat-bubble.svg]
[www.nexusmentalhealth.com/sites/g/files/qhldwo10806/themes/site/themes/custom/theme_nexus/dist/css/02-molecules/share-button/img/share.svg]
[www.nexusmentalhealth.com/sites/g/files/qhldwo10806/themes/site/themes/custom/theme_nexus/dist/css/02-molecules/menus/social-menu/img/twitter.svg]
[www.nexusmentalhealth.com/sites/g/files/qhldwo10806/themes/site/themes/custom/theme_nexus/dist/css/02-molecules/menus/social-menu/img/linkedin.svg]
[www.nexusmentalhealth.com/sites/g/files/qhldwo10806/themes/site/themes/custom/theme_nexus/dist/css/02-molecules/menus/social-menu/img/facebook.svg]
[www.nexusmentalhealth.com/sites/g/files/qhldwo10806/themes/site/themes/custom/theme_nexus/dist/css/02-molecules/menus/social-menu/img/youtube.svg]
[www.nexusmentalhealth.com/sites/g/files/qhldwo10806/themes/site/themes/custom/theme_nexus/dist/css/03-organisms/site/site-header/img/close.svg]
[www.nexusmentalhealth.com/sites/g/files/qhldwo10806/files/css/optimized/css_DLiBffFVBl6-8QBbfUyruOseWbCbkQQ63J3iexqt2N8.OcwED90GkqggNP90UjgFC9JphS8_hmKNroaPXhsezy82ad8.css]
[www.nexusmentalhealth.com/sites/g/files/qhldwo10806/files/css/optimized/css_qggXSNAYVhBXsGaLYofkkcFnywLxhrpYabIZ8ykRzmQ.1TMdo5PR1xFgaSzTActSwuAx-Iu071UtmuJO4X_sAI82ad8.css]
[www.nexusmentalhealth.com/sites/g/files/qhldwo10806/files/css/optimized/css_X1LythR2ZiPmhhCLUKYhnrwuZGX6n6mQZgaa-Gq1kWA.objiBYJ_l6kJNpTvkPld1pkYdQCqgfgk4k9UUIcaKpA2ad8.css]
[www.nexusmentalhealth.com/sites/g/files/qhldwo10806/files/css/optimized/css_kGFZ8TGdQ7aeMJ5cWfCgn_bZuztmbagmx1imMVO8rB0.Yx7kWtYgPN1eQnNXCJ9jsLQte7dVhH2oI4KTgcbf-Fk2ad8.css]
[www.nexusmentalhealth.com/sites/g/files/qhldwo10806/files/css/optimized/css_7zE45wgX5Sq9E8i8C-SYEflbiCXT6HcvfaAN8FfXgAk.ZMYCDSgnHthQaQdizMIB0GfOPSnXKz6TlT2FDM-r2qY2ad8.css]
[www.nexusmentalhealth.com/sites/g/files/qhldwo10806/files/2024-01/daa.svg]
[www.nexusmentalhealth.com/sites/g/files/qhldwo10806/files/2024-01/dbsa.svg]
[www.nexusmentalhealth.com/sites/g/files/qhldwo10806/files/2024-01/nami.svg]
[www.nexusmentalhealth.com/sites/g/files/qhldwo10806/files/css/optimized/css_pc87BF2sew-WQvrcvw77tVgvKsxXS2N7O-lhky1UypM.2ha2WS5BhHor68tUtQ7jn6OKplQum2uxb5qv_CUH6-A2ad8.css]
[www.nexusmentalhealth.com/sites/g/files/qhldwo10806/files/css/optimized/css_d2my8Gtigljsuc2MGvP7Vbbvgvs6tRvDaKJ_eWZxbGw.OVJYSPkDBt6nQP_YvthgR938sr1uATHrxYOqcJ1qKyU2ad8.css]
[www.nexusmentalhealth.com/sites/g/files/qhldwo10806/files/css/optimized/css_dnAAANGo_SYoLancxS_5S2zK5ftUWoqBvrICDTEjNdQ.d0OeCZl2SOWUYO7bVuIpI_t5JNryGwAHbTFD9v-bihI2ad8.css]
[www.nexusmentalhealth.com/sites/g/files/qhldwo10806/themes/site/themes/custom/theme_nexus/dist/css/03-organisms/buzzsprout_audio/img/voice.svg]
[www.nexusmentalhealth.com/sites/g/files/qhldwo10806/themes/site/themes/custom/theme_nexus/dist/css/03-organisms/buzzsprout_audio/img/nexus-logo-transparent.svg]
[www.nexusmentalhealth.com/sites/g/files/qhldwo10806/themes/site/themes/custom/theme_nexus/dist/css/03-organisms/buzzsprout_audio/img/share_icons.svg]
[www.nexusmentalhealth.com/sites/g/files/qhldwo10806/files/css/optimized/css_brQj1HZm1NpehkrRNHagjRVlWLhUJvS4PSxs-aeZR-c.WMMwE33-2FA7dSn3iCLUbDSe8JIdCGjS8zIqNlmPPMo2ad8.css]
[cdnjs.cloudflare.com/ajax/libs/slick-carousel/1.8.1/slick.css]
[www.nexusmentalhealth.com/sites/g/files/qhldwo10806/themes/site/themes/custom/theme_nexus/dist/css/03-organisms/buzzsprout_audio/img/adaa.svg]
[cdnjs.cloudflare.com/ajax/libs/slick-carousel/1.8.1/ajax-loader.gif]
[cdnjs.cloudflare.com/ajax/libs/slick-carousel/1.8.1/fonts/slick.eot]
[cdnjs.cloudflare.com/ajax/libs/slick-carousel/1.8.1/fonts/slickd41d.eot]
[cdnjs.cloudflare.com/ajax/libs/slick-carousel/1.8.1/fonts/slick.woff]
[cdnjs.cloudflare.com/ajax/libs/slick-carousel/1.8.1/fonts/slick.ttf]
[cdnjs.cloudflare.com/ajax/libs/slick-carousel/1.8.1/fonts/slick.svg]
[cdnjs.cloudflare.com/ajax/libs/slick-carousel/1.8.1/slick-theme.css]
[www.nexusmentalhealth.com/sites/g/files/qhldwo10806/themes/site/themes/custom/theme_nexus/dist/css/03-organisms/nexus_perspectives/img/arrow.svg]
[www.nexusmentalhealth.com/sites/g/files/qhldwo10806/files/css/optimized/css_-MOPkzZmUCOCpUx8p9XU-HlvGDvwYUUawzWy3hx-zfA.YSx_ryYeRC0lv2cAwmOafk4rDq8OHtbDUrnebjq3K702ad8.css]
[www.nexusmentalhealth.com/sites/g/files/qhldwo10806/themes/site/themes/custom/theme_nexus/dist/css/03-organisms/nexus_perspectives/img/download-icon.svg]
[www.nexusmentalhealth.com/sites/g/files/qhldwo10806/files/css/optimized/css_PrLCLJneyNZhYcuuxrT5ftMsPoCPgYC_lRiXGQOJUN4.IkyRBqt9F9BBXLCUuwu1OD3ucp63UAWoUjXy-mb8GDg2ad8.css]
[www.nexusmentalhealth.com/sites/g/files/qhldwo10806/themes/site/themes/custom/theme_nexus/dist/css/03-organisms/nexus_whitepapers/img/download-icon.svg]
[www.nexusmentalhealth.com/sites/g/files/qhldwo10806/files/css/optimized/css_r3dZS4NabaiVY868-G65gwmup7KX9AHK9v-ctsa3t7A.1WDOYyTFb2U0_x6osOxqdWCx4YdrYrJGNZeJbi79yjQ2ad8.css]
[www.nexusmentalhealth.com/sites/g/files/qhldwo10806/themes/site/themes/custom/theme_nexus/dist/css/03-organisms/video/videoReact/img/icon-video-play.svg]
[www.nexusmentalhealth.com/sites/g/files/qhldwo10806/themes/site/themes/custom/theme_nexus/dist/css/03-organisms/video_gallery_complex/img/video-icon.svg]
[www.nexusmentalhealth.com/sites/g/files/qhldwo10806/themes/site/themes/custom/theme_nexus/dist/css/03-organisms/video_gallery_complex/img/nexus-bg-logo.svg]
[www.nexusmentalhealth.com/sites/g/files/qhldwo10806/themes/site/themes/custom/theme_nexus/dist/css/03-organisms/video_gallery_complex/img/adaa-logo.png]
[www.nexusmentalhealth.com/sites/g/files/qhldwo10806/files/css/optimized/css_bL9gNqPFFOLlmcvVrqabI_wyj9-oj-XXH2OlgzcY6NU.uSpzKTnAUcKhztve2c6MLscTeek5XthPvorGsWC_EmQ2ad8.css]
[www.nexusmentalhealth.com/sites/g/files/qhldwo10806/files/css/optimized/css_dlzavNF8PP5YafAg_-eY3AhNU3dnJoaGLiOVG-RtWk8.M8uD8TUx695HM5fHiYNk8iuUmOFts1rIl0qgMEuQJ8w2ad8.css]
[www.nexusmentalhealth.com/sites/g/files/qhldwo10806/files/css/optimized/css_NeXdCUilZ1AGERvSh5B1eNynZFklQOfIv5l5kMyoBq0.VDwO_Y82Rlm8WrnP6EKAEBC3Nu11aDWSQDD9kvCc0ZI2ad8.css]
[www.nexusmentalhealth.com/sites/g/files/qhldwo10806/files/css/optimized/css_Xh774LhFJE9tF7Q2z6OL5wQEwWIEV5AD7Pmfr0Tr5bw.DJxDGE7nG15Sf1pNeRSgHSGRslUR6k7d32xwpV3Fwzg2ad8.css]
[www.nexusmentalhealth.com/sites/g/files/qhldwo10806/files/css/optimized/css_Ug9Cxj2sa8Lj1ir8JoGSE5xYJyK5pYEsYz7YvnHDfgc.EnADt1cCVXHWGC-2nw9QuihX0kVbK8vEwsPRYXeiEPM2ad8.css]
[www.nexusmentalhealth.com/sites/g/files/qhldwo10806/files/css/optimized/css_3By3ZXW6YQPFKTINtp3JJVCARXPq98dWozmgC4F3HtM.6oMt_WFNDaw2OAJjrKCKF5XapVJnx_Y39X1kRmYfwJQ2ad8.css]
[www.nexusmentalhealth.com/sites/g/files/qhldwo10806/themes/site/themes/custom/theme_nexus/dist/css/03-organisms/buzzsprout_audio/img/voice.svg]
[www.nexusmentalhealth.com/sites/g/files/qhldwo10806/themes/site/themes/custom/theme_nexus/dist/css/03-organisms/buzzsprout_audio/img/nexus-logo-transparent.svg]
[www.nexusmentalhealth.com/sites/g/files/qhldwo10806/themes/site/themes/custom/theme_nexus/dist/css/03-organisms/buzzsprout_audio/img/share_icons.svg]
[www.nexusmentalhealth.com/sites/g/files/qhldwo10806/themes/site/themes/custom/theme_nexus/dist/css/03-organisms/buzzsprout_audio/img/adaa.svg]
[cdnjs.cloudflare.com/ajax/libs/slick-carousel/1.8.1/fonts/slick.svg]
[www.nexusmentalhealth.com/sites/g/files/qhldwo10806/themes/site/themes/custom/theme_nexus/dist/css/03-organisms/nexus_perspectives/img/arrow.svg]
[www.nexusmentalhealth.com/sites/g/files/qhldwo10806/themes/site/themes/custom/theme_nexus/dist/css/03-organisms/nexus_perspectives/img/download-icon.svg]
[www.nexusmentalhealth.com/sites/g/files/qhldwo10806/themes/site/themes/custom/theme_nexus/dist/css/03-organisms/nexus_whitepapers/img/download-icon.svg]
[www.nexusmentalhealth.com/sites/g/files/qhldwo10806/themes/site/themes/custom/theme_nexus/dist/css/03-organisms/video/videoReact/img/icon-video-play.svg]
[www.nexusmentalhealth.com/sites/g/files/qhldwo10806/themes/site/themes/custom/theme_nexus/dist/css/03-organisms/video_gallery_complex/img/video-icon.svg]
[www.nexusmentalhealth.com/sites/g/files/qhldwo10806/themes/site/themes/custom/theme_nexus/dist/css/03-organisms/video_gallery_complex/img/nexus-bg-logo.svg]
[www.nexusmentalhealth.com/sites/g/files/qhldwo10806/themes/site/themes/custom/theme_nexus/dist/css/03-organisms/video_gallery_complex/img/adaa-logo.html]
